Using pre-set license
Built from '2020.2/release' branch; Version is '2020.2.4f1 (becced5a802b) revision 12504301'; Using compiler version '192528614'; Build Type 'Release'
OS: 'Windows 10 Pro; OS build 19042.1165; Version 2009; 64bit' Language: 'en' Physical Memory: 32591 MB
BatchMode: 1, IsHumanControllingUs: 0, StartBugReporterOnCrash: 0, Is64bit: 1, IsPro: 0

 COMMAND LINE ARGUMENTS:
C:\Program Files\Unity\Hub\Editor\2020.2.4f1\Editor\Unity.exe
-adb2
-batchMode
-noUpm
-name
AssetImportWorker0
-projectPath
C:/Users/EML/Desktop/Create(x) Projection System Base Project
-logFile
Logs/AssetImportWorker0.log
-srvPort
54205
Successfully changed project path to: C:/Users/EML/Desktop/Create(x) Projection System Base Project
C:/Users/EML/Desktop/Create(x) Projection System Base Project
Using Asset Import Pipeline V2.
Refreshing native plugins compatible for Editor in 17.84 ms, found 0 plugins.
Preloading 0 native plugins for Editor in 0.00 ms.
Initialize engine version: 2020.2.4f1 (becced5a802b)
[Subsystems] Discovering subsystems at path C:/Program Files/Unity/Hub/Editor/2020.2.4f1/Editor/Data/Resources/UnitySubsystems
[Subsystems] Discovering subsystems at path C:/Users/EML/Desktop/Create(x) Projection System Base Project/Assets
GfxDevice: creating device client; threaded=0
Direct3D:
    Version:  Direct3D 11.0 [level 11.1]
    Renderer: NVIDIA GeForce RTX 2080 SUPER (ID=0x1e81)
    Vendor:   
    VRAM:     8010 MB
    Driver:   27.21.14.6137
Initialize mono
Mono path[0] = 'C:/Program Files/Unity/Hub/Editor/2020.2.4f1/Editor/Data/Managed'
Mono path[1] = 'C:/Program Files/Unity/Hub/Editor/2020.2.4f1/Editor/Data/MonoBleedingEdge/lib/mono/unityjit'
Mono config path = 'C:/Program Files/Unity/Hub/Editor/2020.2.4f1/Editor/Data/MonoBleedingEdge/etc'
Using monoOptions --debugger-agent=transport=dt_socket,embedding=1,server=y,suspend=n,address=127.0.0.1:56620
Begin MonoManager ReloadAssembly
Registering precompiled unity dll's ...
Register platform support module: C:/Program Files/Unity/Hub/Editor/2020.2.4f1/Editor/Data/PlaybackEngines/WebGLSupport/UnityEditor.WebGL.Extensions.dll
Register platform support module: C:/Program Files/Unity/Hub/Editor/2020.2.4f1/Editor/Data/PlaybackEngines/WindowsStandaloneSupport/UnityEditor.WindowsStandalone.Extensions.dll
Registered in 0.001633 seconds.
Native extension for WindowsStandalone target not found
Native extension for WebGL target not found
Refreshing native plugins compatible for Editor in 19.55 ms, found 0 plugins.
Preloading 0 native plugins for Editor in 0.00 ms.
Invoked RoslynAnalysisRunner static constructor.
RoslynAnalysisRunner will not be running.
RoslynAnalysisRunner has terminated.
Mono: successfully reloaded assembly
- Completed reload, in  0.898 seconds
Platform modules already initialized, skipping
Registering precompiled user dll's ...
Registered in 0.000464 seconds.
Begin MonoManager ReloadAssembly
Native extension for WindowsStandalone target not found
Native extension for WebGL target not found
Refreshing native plugins compatible for Editor in 0.18 ms, found 0 plugins.
Preloading 0 native plugins for Editor in 0.00 ms.
Invoked RoslynAnalysisRunner static constructor.
RoslynAnalysisRunner will not be running.
RoslynAnalysisRunner has terminated.
Mono: successfully reloaded assembly
- Completed reload, in  0.678 seconds
Platform modules already initialized, skipping
========================================================================
Worker process is ready to serve import requests
Launched and connected shader compiler UnityShaderCompiler.exe after 0.04 seconds
Refreshing native plugins compatible for Editor in 0.19 ms, found 0 plugins.
Preloading 0 native plugins for Editor in 0.00 ms.
Unloading 1104 Unused Serialized files (Serialized files now loaded: 0)
System memory in use before: 56.6 MB.
System memory in use after: 56.7 MB.

Unloading 10 unused Assets to reduce memory usage. Loaded Objects now: 1545.
Total: 1.576600 ms (FindLiveObjects: 0.153600 ms CreateObjectMapping: 0.039400 ms MarkObjects: 1.321800 ms  DeleteObjects: 0.060100 ms)

========================================================================
Received Import Request.
  path: Assets/Scenes/SampleScene.unity
  artifactKey: Guid(9fc0d4010bbf28b4594072e72b8655ab) Importer(815301076,1909f56bfc062723c751e8b465ee728b)
Start importing Assets/Scenes/SampleScene.unity using Guid(9fc0d4010bbf28b4594072e72b8655ab) Importer(815301076,1909f56bfc062723c751e8b465ee728b)  -> (artifact id: '07678fe8974910b46a4866770d41cde6') in 0.012053 seconds
  Import took 0.013591 seconds .

========================================================================
Received Prepare
Registering precompiled user dll's ...
Registered in 0.000414 seconds.
Begin MonoManager ReloadAssembly
Native extension for WindowsStandalone target not found
Native extension for WebGL target not found
Refreshing native plugins compatible for Editor in 0.19 ms, found 0 plugins.
Preloading 0 native plugins for Editor in 0.00 ms.
Invoked RoslynAnalysisRunner static constructor.
RoslynAnalysisRunner will not be running.
RoslynAnalysisRunner has terminated.
Mono: successfully reloaded assembly
- Completed reload, in  0.611 seconds
Platform modules already initialized, skipping
Refreshing native plugins compatible for Editor in 0.18 ms, found 0 plugins.
Preloading 0 native plugins for Editor in 0.00 ms.
Unloading 1103 Unused Serialized files (Serialized files now loaded: 0)
System memory in use before: 56.7 MB.
System memory in use after: 56.7 MB.

Unloading 5 unused Assets to reduce memory usage. Loaded Objects now: 1551.
Total: 3.892100 ms (FindLiveObjects: 0.555900 ms CreateObjectMapping: 0.295400 ms MarkObjects: 2.931100 ms  DeleteObjects: 0.106000 ms)

========================================================================
Received Import Request.
  Time since last request: 31.468670 seconds.
  path: Assets/Prefabs/Wall Projector Camera Rig- Create(x).prefab
  artifactKey: Guid(b1913f98d8fb5bd4c8cffb65c4ff8410) Importer(815301076,1909f56bfc062723c751e8b465ee728b)
Start importing Assets/Prefabs/Wall Projector Camera Rig- Create(x).prefab using Guid(b1913f98d8fb5bd4c8cffb65c4ff8410) Importer(815301076,1909f56bfc062723c751e8b465ee728b)  -> (artifact id: '423e14e24c5e83a1d5743761adc5b404') in 0.429460 seconds
  Import took 0.431146 seconds .

========================================================================
Received Import Request.
  Time since last request: 514.522731 seconds.
  path: Assets/Scripts
  artifactKey: Guid(641ab06e7eb08ac49962c215e8cb7cd7) Importer(815301076,1909f56bfc062723c751e8b465ee728b)
Start importing Assets/Scripts using Guid(641ab06e7eb08ac49962c215e8cb7cd7) Importer(815301076,1909f56bfc062723c751e8b465ee728b)  -> (artifact id: '63ce6be348c9466fb9a700256f5c9186') in 0.004842 seconds
  Import took 0.006682 seconds .

========================================================================
Received Import Request.
  Time since last request: 0.758758 seconds.
  path: Assets/Scripts/tv-test-patterns-monoscope-wallpaper-preview.jpg
  artifactKey: Guid(df48c938e285fb44f96ae5917e5e056e) Importer(815301076,1909f56bfc062723c751e8b465ee728b)
Start importing Assets/Scripts/tv-test-patterns-monoscope-wallpaper-preview.jpg using Guid(df48c938e285fb44f96ae5917e5e056e) Importer(815301076,1909f56bfc062723c751e8b465ee728b)  -> (artifact id: 'c2b3b2fbcf04fa707879cb21df9427a2') in 0.018249 seconds
  Import took 0.019836 seconds .

========================================================================
Received Import Request.
  Time since last request: 1.989747 seconds.
  path: Assets/Scenes
  artifactKey: Guid(3769495408e12194988bd04eb1cc6041) Importer(815301076,1909f56bfc062723c751e8b465ee728b)
Start importing Assets/Scenes using Guid(3769495408e12194988bd04eb1cc6041) Importer(815301076,1909f56bfc062723c751e8b465ee728b)  -> (artifact id: '1cd46e59a8d59916306a1b2712928513') in 0.005157 seconds
  Import took 0.006659 seconds .

========================================================================
Received Import Request.
  Time since last request: 1.962211 seconds.
  path: Assets/Prefabs
  artifactKey: Guid(3f1a11e841829824a9598272aa0c5719) Importer(815301076,1909f56bfc062723c751e8b465ee728b)
Start importing Assets/Prefabs using Guid(3f1a11e841829824a9598272aa0c5719) Importer(815301076,1909f56bfc062723c751e8b465ee728b)  -> (artifact id: 'a2ee5207f0602c191632d2f599957e79') in 0.005080 seconds
  Import took 0.006608 seconds .

========================================================================
Received Import Request.
  Time since last request: 1.660893 seconds.
  path: Assets/README.txt
  artifactKey: Guid(a8d7166ba2fe9d94aa87796de4571518) Importer(815301076,1909f56bfc062723c751e8b465ee728b)
Start importing Assets/README.txt using Guid(a8d7166ba2fe9d94aa87796de4571518) Importer(815301076,1909f56bfc062723c751e8b465ee728b)  -> (artifact id: '9ce6d8bc3121b273d40ca6ddaf9e9f8e') in 0.008347 seconds
  Import took 0.009967 seconds .

AssetImportWorkerClient::OnTransportError - code=2 error=End of file
